Build started 1/29/2016 4:24:35 PM.
     1>Project "D:\My Cache\Documents\Programming\C++\Checkers\Checkers\Checkers.vcxproj" on node 2 (Build target(s)).
     1>ClCompile:
         D:\Program Files\Visual Studio 2015\VC\bin\CL.exe /c /Zi /nologo /W3 /WX- /O2 /Oi /Oy- /GL /D WIN32 /D NDEBUG /D _CONSOLE /D _UNICODE /D UNICODE /Gm- /EHsc /MD /GS /Gy /fp:precise /Zc:wchar_t /Zc:forScope /Zc:inline /Fo"Release\\" /Fd"Release\vc140.pdb" /Gd /TP /analyze- /errorReport:prompt AI.cpp Checkers.cpp Extras.cpp Game.cpp stdafx.cpp
         AI.cpp
         Checkers.cpp
         Extras.cpp
         Game.cpp
         stdafx.cpp
       Link:
         D:\Program Files\Visual Studio 2015\VC\bin\link.exe /ERRORREPORT:PROMPT /OUT:"D:\My Cache\Documents\Programming\C++\Checkers\Release\Checkers.exe" /INCREMENTAL:NO /NOLOGO kernel32.lib user32.lib gdi32.lib winspool.lib comdlg32.lib advapi32.lib shell32.lib ole32.lib oleaut32.lib uuid.lib odbc32.lib odbccp32.lib /MANIFEST /MANIFESTUAC:"level='asInvoker' uiAccess='false'" /manifest:embed /Debug /PDB:"D:\My Cache\Documents\Programming\C++\Checkers\Release\Checkers.pdb" /SUBSYSTEM:CONSOLE /OPT:REF /OPT:ICF /LTCG:incremental /TLBID:1 /DYNAMICBASE /NXCOMPAT /IMPLIB:"D:\My Cache\Documents\Programming\C++\Checkers\Release\Checkers.lib" /MACHINE:X86 /SAFESEH Release\AI.obj
         Release\Checkers.obj
         Release\Extras.obj
         Release\Game.obj
         Release\stdafx.obj
         Generating code
         All 172 functions were compiled because no usable IPDB/IOBJ from previous compilation was found.
         Finished generating code
         Checkers.vcxproj -> D:\My Cache\Documents\Programming\C++\Checkers\Release\Checkers.exe
     1>Done Building Project "D:\My Cache\Documents\Programming\C++\Checkers\Checkers\Checkers.vcxproj" (Build target(s)).

Build succeeded.

Time Elapsed 00:00:03.31
